[info] Log at : 2026/3/23|12:42:24|GMT+0800

[info] Log at : 2026/3/23|12:42:28|GMT+0800

[info] Log at : 2026/3/23|12:47:04|GMT+0800

[SyntaxError: Unexpected token '/', ..."          // 工程源码目录
"... is not valid JSON
	at JSON.parse (<anonymous>)
	at F.updateCppProperties (c:\Users\i2stay\.vscode\extensions\cl.keil-assistant-1.7.0\dist\extension.js:1:10849)
	at F.<anonymous> (c:\Users\i2stay\.vscode\extensions\cl.keil-assistant-1.7.0\dist\extension.js:1:12579)
	at Generator.next (<anonymous>)
	at c:\Users\i2stay\.vscode\extensions\cl.keil-assistant-1.7.0\dist\extension.js:1:4480
	at new Promise (<anonymous>)
	at r (c:\Users\i2stay\.vscode\extensions\cl.keil-assistant-1.7.0\dist\extension.js:1:4225)
	at F.load (c:\Users\i2stay\.vscode\extensions\cl.keil-assistant-1.7.0\dist\extension.js:1:11310)
	at w.<anonymous> (c:\Users\i2stay\.vscode\extensions\cl.keil-assistant-1.7.0\dist\extension.js:1:8737)
	at Generator.next (<anonymous>)
	at a (c:\Users\i2stay\.vscode\extensions\cl.keil-assistant-1.7.0\dist\extension.js:1:4282)]
[info] Log at : 2026/3/23|12:47:07|GMT+0800

[info] Log at : 2026/3/23|13:04:23|GMT+0800

[info] Log at : 2026/3/23|13:04:25|GMT+0800

[info] Log at : 2026/3/23|13:41:13|GMT+0800

[info] Log at : 2026/3/23|13:41:17|GMT+0800

[info] Log at : 2026/3/25|19:02:37|GMT+0800

[info] Log at : 2026/3/25|20:48:53|GMT+0800

[info] Log at : 2026/3/27|21:16:34|GMT+0800

[info] Log at : 2026/3/27|21:16:40|GMT+0800

[info] Log at : 2026/3/27|21:34:05|GMT+0800

[info] Log at : 2026/3/27|21:34:09|GMT+0800

[info] Log at : 2026/4/21|14:47:12|GMT+0800

[info] Log at : 2026/4/21|14:47:17|GMT+0800

[info] Log at : 2026/4/21|15:45:08|GMT+0800

[info] Log at : 2026/4/21|15:45:35|GMT+0800

[info] Log at : 2026/4/21|15:45:45|GMT+0800

[info] Log at : 2026/4/21|21:06:22|GMT+0800

