*** Using Compiler 'V5.06 update 1 (build 61)', folder: 'D:\Keil5\ARM\ARMCC\Bin'
Build target 'Target 1'
assembling startup_stm32f10x_md.s...
compiling stm32f10x_flash.c...
compiling system_stm32f10x.c...
compiling stm32f10x_gpio.c...
compiling stm32f10x_rcc.c...
compiling systick.c...
compiling stm32f10x_adc.c...
compiling stm32f10x_dma.c...
compiling stm32f10x_exti.c...
compiling misc.c...
compiling stm32f10x_it.c...
compiling stm32f10x_rtc.c...
compiling timer.c...
compiling main.c...
compiling stm32f10x_usart.c...
compiling stm32f10x_tim.c...
linking...
.\Objects\test1.axf: Error: L6218E: Undefined symbol LED_Init (referred from main.o).
.\Objects\test1.axf: Error: L6218E: Undefined symbol LED_ON (referred from main.o).
Not enough information to list image symbols.
Finished: 1 information, 0 warning and 2 error messages.
".\Objects\test1.axf" - 2 Error(s), 0 Warning(s).
Target not created.
Build Time Elapsed:  00:00:03
